# JRE version: OpenJDK Runtime Environment (8.0_112-b06) (build 1.8.0_112-release-b06)
# Java VM: OpenJDK 64-Bit Server VM (25.112-b06 mixed mode windows-amd64 compressed oops)
Heap:
 PSYoungGen      total 108544K, used 23634K [0x00000000e0000000, 0x00000000e9480000, 0x0000000100000000)
  eden space 98304K, 13% used [0x00000000e0000000,0x00000000e0d167a0,0x00000000e6000000)
  from space 10240K, 99% used [0x00000000e6000000,0x00000000e69fe130,0x00000000e6a00000)
  to   space 13824K, 0% used [0x00000000e8700000,0x00000000e8700000,0x00000000e9480000)
 ParOldGen       total 56832K, used 32859K [0x00000000a0000000, 0x00000000a3780000, 0x00000000e0000000)
  object space 56832K, 57% used [0x00000000a0000000,0x00000000a2016ec8,0x00000000a3780000)
 Metaspace       used 52384K, capacity 53920K, committed 54272K, reserved 1095680K
  class space    used 6988K, capacity 7312K, committed 7424K, reserved 1048576K
GC Heap History (10 events):
Event: 51.383 GC heap before
{Heap before GC invocations=15 (full 2):
 PSYoungGen      total 53248K, used 50643K [0x00000000e0000000, 0x00000000e4000000, 0x0000000100000000)
  eden space 46080K, 100% used [0x00000000e0000000,0x00000000e2d00000,0x00000000e2d00000)
  from space 7168K, 63% used [0x00000000e3900000,0x00000000e3d74f88,0x00000000e4000000)
  to   space 9728K, 0% used [0x00000000e2d00000,0x00000000e2d00000,0x00000000e3680000)
 ParOldGen       total 56832K, used 14148K [0x00000000a0000000, 0x00000000a3780000, 0x00000000e0000000)
  object space 56832K, 24% used [0x00000000a0000000,0x00000000a0dd1340,0x00000000a3780000)
 Metaspace       used 40070K, capacity 40840K, committed 40960K, reserved 1085440K
  class space    used 5394K, capacity 5588K, committed 5632K, reserved 1048576K
Event: 51.393 GC heap after
Heap after GC invocations=15 (full 2):
 PSYoungGen      total 55808K, used 5398K [0x00000000e0000000, 0x00000000e5580000, 0x0000000100000000)
  eden space 46080K, 0% used [0x00000000e0000000,0x00000000e0000000,0x00000000e2d00000)
  from space 9728K, 55% used [0x00000000e2d00000,0x00000000e3245870,0x00000000e3680000)
  to   space 9216K, 0% used [0x00000000e4c80000,0x00000000e4c80000,0x00000000e5580000)
 ParOldGen       total 56832K, used 17349K [0x00000000a0000000, 0x00000000a3780000, 0x00000000e0000000)
  object space 56832K, 30% used [0x00000000a0000000,0x00000000a10f14d0,0x00000000a3780000)
 Metaspace       used 40070K, capacity 40840K, committed 40960K, reserved 1085440K
  class space    used 5394K, capacity 5588K, committed 5632K, reserved 1048576K
}
Event: 52.778 GC heap before
{Heap before GC invocations=16 (full 2):
 PSYoungGen      total 55808K, used 51478K [0x00000000e0000000, 0x00000000e5580000, 0x0000000100000000)
  eden space 46080K, 100% used [0x00000000e0000000,0x00000000e2d00000,0x00000000e2d00000)
  from space 9728K, 55% used [0x00000000e2d00000,0x00000000e3245870,0x00000000e3680000)
  to   space 9216K, 0% used [0x00000000e4c80000,0x00000000e4c80000,0x00000000e5580000)
 ParOldGen       total 56832K, used 17349K [0x00000000a0000000, 0x00000000a3780000, 0x00000000e0000000)
  object space 56832K, 30% used [0x00000000a0000000,0x00000000a10f14d0,0x00000000a3780000)
 Metaspace       used 43204K, capacity 44102K, committed 44160K, reserved 1087488K
  class space    used 5771K, capacity 5985K, committed 6016K, reserved 1048576K
Event: 52.787 GC heap after
Heap after GC invocations=16 (full 2):
 PSYoungGen      total 77312K, used 3014K [0x00000000e0000000, 0x00000000e5500000, 0x0000000100000000)
  eden space 68608K, 0% used [0x00000000e0000000,0x00000000e0000000,0x00000000e4300000)
  from space 8704K, 34% used [0x00000000e4c80000,0x00000000e4f719e0,0x00000000e5500000)
  to   space 9216K, 0% used [0x00000000e4300000,0x00000000e4300000,0x00000000e4c00000)
 ParOldGen       total 56832K, used 21165K [0x00000000a0000000, 0x00000000a3780000, 0x00000000e0000000)
  object space 56832K, 37% used [0x00000000a0000000,0x00000000a14ab4f0,0x00000000a3780000)
 Metaspace       used 43204K, capacity 44102K, committed 44160K, reserved 1087488K
  class space    used 5771K, capacity 5985K, committed 6016K, reserved 1048576K
}
Event: 56.887 GC heap before
{Heap before GC invocations=17 (full 2):
 PSYoungGen      total 77312K, used 71622K [0x00000000e0000000, 0x00000000e5500000, 0x0000000100000000)
  eden space 68608K, 100% used [0x00000000e0000000,0x00000000e4300000,0x00000000e4300000)
  from space 8704K, 34% used [0x00000000e4c80000,0x00000000e4f719e0,0x00000000e5500000)
  to   space 9216K, 0% used [0x00000000e4300000,0x00000000e4300000,0x00000000e4c00000)
 ParOldGen       total 56832K, used 21165K [0x00000000a0000000, 0x00000000a3780000, 0x00000000e0000000)
  object space 56832K, 37% used [0x00000000a0000000,0x00000000a14ab4f0,0x00000000a3780000)
 Metaspace       used 46707K, capacity 48022K, committed 48128K, reserved 1091584K
  class space    used 6289K, capacity 6601K, committed 6656K, reserved 1048576K
Event: 56.898 GC heap after
Heap after GC invocations=17 (full 2):
 PSYoungGen      total 77824K, used 7039K [0x00000000e0000000, 0x00000000e7500000, 0x0000000100000000)
  eden space 68608K, 0% used [0x00000000e0000000,0x00000000e0000000,0x00000000e4300000)
  from space 9216K, 76% used [0x00000000e4300000,0x00000000e49dfc40,0x00000000e4c00000)
  to   space 9728K, 0% used [0x00000000e6b80000,0x00000000e6b80000,0x00000000e7500000)
 ParOldGen       total 56832K, used 22031K [0x00000000a0000000, 0x00000000a3780000, 0x00000000e0000000)
  object space 56832K, 38% used [0x00000000a0000000,0x00000000a1583dc8,0x00000000a3780000)
 Metaspace       used 46707K, capacity 48022K, committed 48128K, reserved 1091584K
  class space    used 6289K, capacity 6601K, committed 6656K, reserved 1048576K
}
Event: 79.445 GC heap before
{Heap before GC invocations=18 (full 2):
 PSYoungGen      total 77824K, used 75647K [0x00000000e0000000, 0x00000000e7500000, 0x0000000100000000)
  eden space 68608K, 100% used [0x00000000e0000000,0x00000000e4300000,0x00000000e4300000)
  from space 9216K, 76% used [0x00000000e4300000,0x00000000e49dfc40,0x00000000e4c00000)
  to   space 9728K, 0% used [0x00000000e6b80000,0x00000000e6b80000,0x00000000e7500000)
 ParOldGen       total 56832K, used 22031K [0x00000000a0000000, 0x00000000a3780000, 0x00000000e0000000)
  object space 56832K, 38% used [0x00000000a0000000,0x00000000a1583dc8,0x00000000a3780000)
 Metaspace       used 50949K, capacity 52446K, committed 52608K, reserved 1095680K
  class space    used 6879K, capacity 7211K, committed 7296K, reserved 1048576K
Event: 79.460 GC heap after
Heap after GC invocations=18 (full 2):
 PSYoungGen      total 107008K, used 8189K [0x00000000e0000000, 0x00000000e7400000, 0x0000000100000000)
  eden space 98304K, 0% used [0x00000000e0000000,0x00000000e0000000,0x00000000e6000000)
  from space 8704K, 94% used [0x00000000e6b80000,0x00000000e737f5a0,0x00000000e7400000)
  to   space 10240K, 0% used [0x00000000e6000000,0x00000000e6000000,0x00000000e6a00000)
 ParOldGen       total 56832K, used 26497K [0x00000000a0000000, 0x00000000a3780000, 0x00000000e0000000)
  object space 56832K, 46% used [0x00000000a0000000,0x00000000a19e0768,0x00000000a3780000)
 Metaspace       used 50949K, capacity 52446K, committed 52608K, reserved 1095680K
  class space    used 6879K, capacity 7211K, committed 7296K, reserved 1048576K
}
Event: 99.409 GC heap before
{Heap before GC invocations=19 (full 2):
 PSYoungGen      total 107008K, used 106192K [0x00000000e0000000, 0x00000000e7400000, 0x0000000100000000)
  eden space 98304K, 99% used [0x00000000e0000000,0x00000000e5fb4cd8,0x00000000e6000000)
  from space 8704K, 94% used [0x00000000e6b80000,0x00000000e737f5a0,0x00000000e7400000)
  to   space 10240K, 0% used [0x00000000e6000000,0x00000000e6000000,0x00000000e6a00000)
 ParOldGen       total 56832K, used 26497K [0x00000000a0000000, 0x00000000a3780000, 0x00000000e0000000)
  object space 56832K, 46% used [0x00000000a0000000,0x00000000a19e0768,0x00000000a3780000)
 Metaspace       used 52329K, capacity 53792K, committed 54016K, reserved 1095680K
  class space    used 6984K, capacity 7312K, committed 7424K, reserved 1048576K
Event: 99.428 GC heap after
Heap after GC invocations=19 (full 2):
 PSYoungGen      total 108544K, used 10232K [0x00000000e0000000, 0x00000000e9480000, 0x0000000100000000)
  eden space 98304K, 0% used [0x00000000e0000000,0x00000000e0000000,0x00000000e6000000)
  from space 10240K, 99% used [0x00000000e6000000,0x00000000e69fe130,0x00000000e6a00000)
  to   space 13824K, 0% used [0x00000000e8700000,0x00000000e8700000,0x00000000e9480000)
 ParOldGen       total 56832K, used 32859K [0x00000000a0000000, 0x00000000a3780000, 0x00000000e0000000)
  object space 56832K, 57% used [0x00000000a0000000,0x00000000a2016ec8,0x00000000a3780000)
 Metaspace       used 52329K, capacity 53792K, committed 54016K, reserved 1095680K
  class space    used 6984K, capacity 7312K, committed 7424K, reserved 1048576K
}

